Jan 05, 2025 7:41:32 AM com.cafe.model.Mysql <clinit>
SEVERE: null
java.sql.SQLSyntaxErrorException: Unknown database 'cafe_db'
	at com.mysql.cj.jdbc.exceptions.SQLError.createSQLException(SQLError.java:121)
	at com.mysql.cj.jdbc.exceptions.SQLExceptionsMapping.translateException(SQLExceptionsMapping.java:122)
	at com.mysql.cj.jdbc.ConnectionImpl.createNewIO(ConnectionImpl.java:819)
	at com.mysql.cj.jdbc.ConnectionImpl.<init>(ConnectionImpl.java:440)
	at com.mysql.cj.jdbc.ConnectionImpl.getInstance(ConnectionImpl.java:239)
	at com.mysql.cj.jdbc.NonRegisteringDriver.connect(NonRegisteringDriver.java:188)
	at java.sql/java.sql.DriverManager.getConnection(DriverManager.java:681)
	at java.sql/java.sql.DriverManager.getConnection(DriverManager.java:229)
	at com.cafe.model.Mysql.<clinit>(Mysql.java:21)
	at com.cafe.gui.Login.isDatabaseExists(Login.java:362)
	at com.cafe.gui.Login.validateUser(Login.java:313)
	at com.cafe.gui.Login.login(Login.java:295)
	at com.cafe.gui.Login.jPasswordField1KeyPressed(Login.java:267)
	at com.cafe.gui.Login$4.keyPressed(Login.java:209)
	at java.desktop/java.awt.AWTEventMulticaster.keyPressed(AWTEventMulticaster.java:257)
	at java.desktop/java.awt.Component.processKeyEvent(Component.java:6584)
	at java.desktop/javax.swing.JComponent.processKeyEvent(JComponent.java:2896)
	at java.desktop/java.awt.Component.processEvent(Component.java:6403)
	at java.desktop/java.awt.Container.processEvent(Container.java:2266)
	at java.desktop/java.awt.Component.dispatchEventImpl(Component.java:5001)
	at java.desktop/java.awt.Container.dispatchEventImpl(Container.java:2324)
	at java.desktop/java.awt.Component.dispatchEvent(Component.java:4833)
	at java.desktop/java.awt.KeyboardFocusManager.redispatchEvent(KeyboardFocusManager.java:1952)
	at java.desktop/java.awt.DefaultKeyboardFocusManager.dispatchKeyEvent(DefaultKeyboardFocusManager.java:883)
	at java.desktop/java.awt.DefaultKeyboardFocusManager.preDispatchKeyEvent(DefaultKeyboardFocusManager.java:1150)
	at java.desktop/java.awt.DefaultKeyboardFocusManager.typeAheadAssertions(DefaultKeyboardFocusManager.java:1020)
	at java.desktop/java.awt.DefaultKeyboardFocusManager.dispatchEvent(DefaultKeyboardFocusManager.java:848)
	at java.desktop/java.awt.Component.dispatchEventImpl(Component.java:4882)
	at java.desktop/java.awt.Container.dispatchEventImpl(Container.java:2324)
	at java.desktop/java.awt.Window.dispatchEventImpl(Window.java:2780)
	at java.desktop/java.awt.Component.dispatchEvent(Component.java:4833)
	at java.desktop/java.awt.EventQueue.dispatchEventImpl(EventQueue.java:773)
	at java.desktop/java.awt.EventQueue$4.run(EventQueue.java:722)
	at java.desktop/java.awt.EventQueue$4.run(EventQueue.java:716)
	at java.base/java.security.AccessController.doPrivileged(AccessController.java:399)
	at java.base/java.security.ProtectionDomain$JavaSecurityAccessImpl.doIntersectionPrivilege(ProtectionDomain.java:86)
	at java.base/java.security.ProtectionDomain$JavaSecurityAccessImpl.doIntersectionPrivilege(ProtectionDomain.java:97)
	at java.desktop/java.awt.EventQueue$5.run(EventQueue.java:746)
	at java.desktop/java.awt.EventQueue$5.run(EventQueue.java:744)
	at java.base/java.security.AccessController.doPrivileged(AccessController.java:399)
	at java.base/java.security.ProtectionDomain$JavaSecurityAccessImpl.doIntersectionPrivilege(ProtectionDomain.java:86)
	at java.desktop/java.awt.EventQueue.dispatchEvent(EventQueue.java:743)
	at java.desktop/java.awt.EventDispatchThread.pumpOneEventForFilters(EventDispatchThread.java:203)
	at java.desktop/java.awt.EventDispatchThread.pumpEventsForFilter(EventDispatchThread.java:124)
	at java.desktop/java.awt.EventDispatchThread.pumpEventsForHierarchy(EventDispatchThread.java:113)
	at java.desktop/java.awt.EventDispatchThread.pumpEvents(EventDispatchThread.java:109)
	at java.desktop/java.awt.EventDispatchThread.pumpEvents(EventDispatchThread.java:101)
	at java.desktop/java.awt.EventDispatchThread.run(EventDispatchThread.java:90)

Jan 05, 2025 7:55:57 AM com.cafe.model.Mysql <clinit>
SEVERE: null
java.sql.SQLSyntaxErrorException: Unknown database 'cafe_db'
	at com.mysql.cj.jdbc.exceptions.SQLError.createSQLException(SQLError.java:121)
	at com.mysql.cj.jdbc.exceptions.SQLExceptionsMapping.translateException(SQLExceptionsMapping.java:122)
	at com.mysql.cj.jdbc.ConnectionImpl.createNewIO(ConnectionImpl.java:819)
	at com.mysql.cj.jdbc.ConnectionImpl.<init>(ConnectionImpl.java:440)
	at com.mysql.cj.jdbc.ConnectionImpl.getInstance(ConnectionImpl.java:239)
	at com.mysql.cj.jdbc.NonRegisteringDriver.connect(NonRegisteringDriver.java:188)
	at java.sql/java.sql.DriverManager.getConnection(DriverManager.java:681)
	at java.sql/java.sql.DriverManager.getConnection(DriverManager.java:229)
	at com.cafe.model.Mysql.<clinit>(Mysql.java:21)
	at com.cafe.gui.Login.validateUser(Login.java:314)
	at com.cafe.gui.Login.login(Login.java:295)
	at com.cafe.gui.Login.jPasswordField1KeyPressed(Login.java:267)
	at com.cafe.gui.Login$4.keyPressed(Login.java:209)
	at java.desktop/java.awt.AWTEventMulticaster.keyPressed(AWTEventMulticaster.java:257)
	at java.desktop/java.awt.Component.processKeyEvent(Component.java:6584)
	at java.desktop/javax.swing.JComponent.processKeyEvent(JComponent.java:2896)
	at java.desktop/java.awt.Component.processEvent(Component.java:6403)
	at java.desktop/java.awt.Container.processEvent(Container.java:2266)
	at java.desktop/java.awt.Component.dispatchEventImpl(Component.java:5001)
	at java.desktop/java.awt.Container.dispatchEventImpl(Container.java:2324)
	at java.desktop/java.awt.Component.dispatchEvent(Component.java:4833)
	at java.desktop/java.awt.KeyboardFocusManager.redispatchEvent(KeyboardFocusManager.java:1952)
	at java.desktop/java.awt.DefaultKeyboardFocusManager.dispatchKeyEvent(DefaultKeyboardFocusManager.java:883)
	at java.desktop/java.awt.DefaultKeyboardFocusManager.preDispatchKeyEvent(DefaultKeyboardFocusManager.java:1150)
	at java.desktop/java.awt.DefaultKeyboardFocusManager.typeAheadAssertions(DefaultKeyboardFocusManager.java:1020)
	at java.desktop/java.awt.DefaultKeyboardFocusManager.dispatchEvent(DefaultKeyboardFocusManager.java:848)
	at java.desktop/java.awt.Component.dispatchEventImpl(Component.java:4882)
	at java.desktop/java.awt.Container.dispatchEventImpl(Container.java:2324)
	at java.desktop/java.awt.Window.dispatchEventImpl(Window.java:2780)
	at java.desktop/java.awt.Component.dispatchEvent(Component.java:4833)
	at java.desktop/java.awt.EventQueue.dispatchEventImpl(EventQueue.java:773)
	at java.desktop/java.awt.EventQueue$4.run(EventQueue.java:722)
	at java.desktop/java.awt.EventQueue$4.run(EventQueue.java:716)
	at java.base/java.security.AccessController.doPrivileged(AccessController.java:399)
	at java.base/java.security.ProtectionDomain$JavaSecurityAccessImpl.doIntersectionPrivilege(ProtectionDomain.java:86)
	at java.base/java.security.ProtectionDomain$JavaSecurityAccessImpl.doIntersectionPrivilege(ProtectionDomain.java:97)
	at java.desktop/java.awt.EventQueue$5.run(EventQueue.java:746)
	at java.desktop/java.awt.EventQueue$5.run(EventQueue.java:744)
	at java.base/java.security.AccessController.doPrivileged(AccessController.java:399)
	at java.base/java.security.ProtectionDomain$JavaSecurityAccessImpl.doIntersectionPrivilege(ProtectionDomain.java:86)
	at java.desktop/java.awt.EventQueue.dispatchEvent(EventQueue.java:743)
	at java.desktop/java.awt.EventDispatchThread.pumpOneEventForFilters(EventDispatchThread.java:203)
	at java.desktop/java.awt.EventDispatchThread.pumpEventsForFilter(EventDispatchThread.java:124)
	at java.desktop/java.awt.EventDispatchThread.pumpEventsForHierarchy(EventDispatchThread.java:113)
	at java.desktop/java.awt.EventDispatchThread.pumpEvents(EventDispatchThread.java:109)
	at java.desktop/java.awt.EventDispatchThread.pumpEvents(EventDispatchThread.java:101)
	at java.desktop/java.awt.EventDispatchThread.run(EventDispatchThread.java:90)

Jan 05, 2025 7:56:26 AM com.cafe.model.Mysql <clinit>
SEVERE: null
java.sql.SQLSyntaxErrorException: Unknown database 'cafe_db'
	at com.mysql.cj.jdbc.exceptions.SQLError.createSQLException(SQLError.java:121)
	at com.mysql.cj.jdbc.exceptions.SQLExceptionsMapping.translateException(SQLExceptionsMapping.java:122)
	at com.mysql.cj.jdbc.ConnectionImpl.createNewIO(ConnectionImpl.java:819)
	at com.mysql.cj.jdbc.ConnectionImpl.<init>(ConnectionImpl.java:440)
	at com.mysql.cj.jdbc.ConnectionImpl.getInstance(ConnectionImpl.java:239)
	at com.mysql.cj.jdbc.NonRegisteringDriver.connect(NonRegisteringDriver.java:188)
	at java.sql/java.sql.DriverManager.getConnection(DriverManager.java:681)
	at java.sql/java.sql.DriverManager.getConnection(DriverManager.java:229)
	at com.cafe.model.Mysql.<clinit>(Mysql.java:21)
	at com.cafe.gui.Login.validateUser(Login.java:314)
	at com.cafe.gui.Login.login(Login.java:295)
	at com.cafe.gui.Login.jPasswordField1KeyPressed(Login.java:267)
	at com.cafe.gui.Login$4.keyPressed(Login.java:209)
	at java.desktop/java.awt.AWTEventMulticaster.keyPressed(AWTEventMulticaster.java:257)
	at java.desktop/java.awt.Component.processKeyEvent(Component.java:6584)
	at java.desktop/javax.swing.JComponent.processKeyEvent(JComponent.java:2896)
	at java.desktop/java.awt.Component.processEvent(Component.java:6403)
	at java.desktop/java.awt.Container.processEvent(Container.java:2266)
	at java.desktop/java.awt.Component.dispatchEventImpl(Component.java:5001)
	at java.desktop/java.awt.Container.dispatchEventImpl(Container.java:2324)
	at java.desktop/java.awt.Component.dispatchEvent(Component.java:4833)
	at java.desktop/java.awt.KeyboardFocusManager.redispatchEvent(KeyboardFocusManager.java:1952)
	at java.desktop/java.awt.DefaultKeyboardFocusManager.dispatchKeyEvent(DefaultKeyboardFocusManager.java:883)
	at java.desktop/java.awt.DefaultKeyboardFocusManager.preDispatchKeyEvent(DefaultKeyboardFocusManager.java:1150)
	at java.desktop/java.awt.DefaultKeyboardFocusManager.typeAheadAssertions(DefaultKeyboardFocusManager.java:1020)
	at java.desktop/java.awt.DefaultKeyboardFocusManager.dispatchEvent(DefaultKeyboardFocusManager.java:848)
	at java.desktop/java.awt.Component.dispatchEventImpl(Component.java:4882)
	at java.desktop/java.awt.Container.dispatchEventImpl(Container.java:2324)
	at java.desktop/java.awt.Window.dispatchEventImpl(Window.java:2780)
	at java.desktop/java.awt.Component.dispatchEvent(Component.java:4833)
	at java.desktop/java.awt.EventQueue.dispatchEventImpl(EventQueue.java:773)
	at java.desktop/java.awt.EventQueue$4.run(EventQueue.java:722)
	at java.desktop/java.awt.EventQueue$4.run(EventQueue.java:716)
	at java.base/java.security.AccessController.doPrivileged(AccessController.java:399)
	at java.base/java.security.ProtectionDomain$JavaSecurityAccessImpl.doIntersectionPrivilege(ProtectionDomain.java:86)
	at java.base/java.security.ProtectionDomain$JavaSecurityAccessImpl.doIntersectionPrivilege(ProtectionDomain.java:97)
	at java.desktop/java.awt.EventQueue$5.run(EventQueue.java:746)
	at java.desktop/java.awt.EventQueue$5.run(EventQueue.java:744)
	at java.base/java.security.AccessController.doPrivileged(AccessController.java:399)
	at java.base/java.security.ProtectionDomain$JavaSecurityAccessImpl.doIntersectionPrivilege(ProtectionDomain.java:86)
	at java.desktop/java.awt.EventQueue.dispatchEvent(EventQueue.java:743)
	at java.desktop/java.awt.EventDispatchThread.pumpOneEventForFilters(EventDispatchThread.java:203)
	at java.desktop/java.awt.EventDispatchThread.pumpEventsForFilter(EventDispatchThread.java:124)
	at java.desktop/java.awt.EventDispatchThread.pumpEventsForHierarchy(EventDispatchThread.java:113)
	at java.desktop/java.awt.EventDispatchThread.pumpEvents(EventDispatchThread.java:109)
	at java.desktop/java.awt.EventDispatchThread.pumpEvents(EventDispatchThread.java:101)
	at java.desktop/java.awt.EventDispatchThread.run(EventDispatchThread.java:90)

Jan 05, 2025 7:58:36 AM com.cafe.model.Mysql <clinit>
SEVERE: Database not found
java.sql.SQLSyntaxErrorException: Unknown database 'cafe_db'
	at com.mysql.cj.jdbc.exceptions.SQLError.createSQLException(SQLError.java:121)
	at com.mysql.cj.jdbc.exceptions.SQLExceptionsMapping.translateException(SQLExceptionsMapping.java:122)
	at com.mysql.cj.jdbc.ConnectionImpl.createNewIO(ConnectionImpl.java:819)
	at com.mysql.cj.jdbc.ConnectionImpl.<init>(ConnectionImpl.java:440)
	at com.mysql.cj.jdbc.ConnectionImpl.getInstance(ConnectionImpl.java:239)
	at com.mysql.cj.jdbc.NonRegisteringDriver.connect(NonRegisteringDriver.java:188)
	at java.sql/java.sql.DriverManager.getConnection(DriverManager.java:681)
	at java.sql/java.sql.DriverManager.getConnection(DriverManager.java:229)
	at com.cafe.model.Mysql.<clinit>(Mysql.java:21)
	at com.cafe.gui.Login.validateUser(Login.java:314)
	at com.cafe.gui.Login.login(Login.java:295)
	at com.cafe.gui.Login.jPasswordField1KeyPressed(Login.java:267)
	at com.cafe.gui.Login$4.keyPressed(Login.java:209)
	at java.desktop/java.awt.AWTEventMulticaster.keyPressed(AWTEventMulticaster.java:257)
	at java.desktop/java.awt.Component.processKeyEvent(Component.java:6584)
	at java.desktop/javax.swing.JComponent.processKeyEvent(JComponent.java:2896)
	at java.desktop/java.awt.Component.processEvent(Component.java:6403)
	at java.desktop/java.awt.Container.processEvent(Container.java:2266)
	at java.desktop/java.awt.Component.dispatchEventImpl(Component.java:5001)
	at java.desktop/java.awt.Container.dispatchEventImpl(Container.java:2324)
	at java.desktop/java.awt.Component.dispatchEvent(Component.java:4833)
	at java.desktop/java.awt.KeyboardFocusManager.redispatchEvent(KeyboardFocusManager.java:1952)
	at java.desktop/java.awt.DefaultKeyboardFocusManager.dispatchKeyEvent(DefaultKeyboardFocusManager.java:883)
	at java.desktop/java.awt.DefaultKeyboardFocusManager.preDispatchKeyEvent(DefaultKeyboardFocusManager.java:1150)
	at java.desktop/java.awt.DefaultKeyboardFocusManager.typeAheadAssertions(DefaultKeyboardFocusManager.java:1020)
	at java.desktop/java.awt.DefaultKeyboardFocusManager.dispatchEvent(DefaultKeyboardFocusManager.java:848)
	at java.desktop/java.awt.Component.dispatchEventImpl(Component.java:4882)
	at java.desktop/java.awt.Container.dispatchEventImpl(Container.java:2324)
	at java.desktop/java.awt.Window.dispatchEventImpl(Window.java:2780)
	at java.desktop/java.awt.Component.dispatchEvent(Component.java:4833)
	at java.desktop/java.awt.EventQueue.dispatchEventImpl(EventQueue.java:773)
	at java.desktop/java.awt.EventQueue$4.run(EventQueue.java:722)
	at java.desktop/java.awt.EventQueue$4.run(EventQueue.java:716)
	at java.base/java.security.AccessController.doPrivileged(AccessController.java:399)
	at java.base/java.security.ProtectionDomain$JavaSecurityAccessImpl.doIntersectionPrivilege(ProtectionDomain.java:86)
	at java.base/java.security.ProtectionDomain$JavaSecurityAccessImpl.doIntersectionPrivilege(ProtectionDomain.java:97)
	at java.desktop/java.awt.EventQueue$5.run(EventQueue.java:746)
	at java.desktop/java.awt.EventQueue$5.run(EventQueue.java:744)
	at java.base/java.security.AccessController.doPrivileged(AccessController.java:399)
	at java.base/java.security.ProtectionDomain$JavaSecurityAccessImpl.doIntersectionPrivilege(ProtectionDomain.java:86)
	at java.desktop/java.awt.EventQueue.dispatchEvent(EventQueue.java:743)
	at java.desktop/java.awt.EventDispatchThread.pumpOneEventForFilters(EventDispatchThread.java:203)
	at java.desktop/java.awt.EventDispatchThread.pumpEventsForFilter(EventDispatchThread.java:124)
	at java.desktop/java.awt.EventDispatchThread.pumpEventsForHierarchy(EventDispatchThread.java:113)
	at java.desktop/java.awt.EventDispatchThread.pumpEvents(EventDispatchThread.java:109)
	at java.desktop/java.awt.EventDispatchThread.pumpEvents(EventDispatchThread.java:101)
	at java.desktop/java.awt.EventDispatchThread.run(EventDispatchThread.java:90)

Jan 05, 2025 8:03:16 AM com.cafe.model.Mysql <clinit>
SEVERE: Database not found
java.sql.SQLSyntaxErrorException: Unknown database 'cafe_db'
	at com.mysql.cj.jdbc.exceptions.SQLError.createSQLException(SQLError.java:121)
	at com.mysql.cj.jdbc.exceptions.SQLExceptionsMapping.translateException(SQLExceptionsMapping.java:122)
	at com.mysql.cj.jdbc.ConnectionImpl.createNewIO(ConnectionImpl.java:819)
	at com.mysql.cj.jdbc.ConnectionImpl.<init>(ConnectionImpl.java:440)
	at com.mysql.cj.jdbc.ConnectionImpl.getInstance(ConnectionImpl.java:239)
	at com.mysql.cj.jdbc.NonRegisteringDriver.connect(NonRegisteringDriver.java:188)
	at java.sql/java.sql.DriverManager.getConnection(DriverManager.java:681)
	at java.sql/java.sql.DriverManager.getConnection(DriverManager.java:229)
	at com.cafe.model.Mysql.<clinit>(Mysql.java:21)
	at com.cafe.gui.Login.validateUser(Login.java:314)
	at com.cafe.gui.Login.login(Login.java:295)
	at com.cafe.gui.Login.jPasswordField1KeyPressed(Login.java:267)
	at com.cafe.gui.Login$4.keyPressed(Login.java:209)
	at java.desktop/java.awt.AWTEventMulticaster.keyPressed(AWTEventMulticaster.java:257)
	at java.desktop/java.awt.Component.processKeyEvent(Component.java:6584)
	at java.desktop/javax.swing.JComponent.processKeyEvent(JComponent.java:2896)
	at java.desktop/java.awt.Component.processEvent(Component.java:6403)
	at java.desktop/java.awt.Container.processEvent(Container.java:2266)
	at java.desktop/java.awt.Component.dispatchEventImpl(Component.java:5001)
	at java.desktop/java.awt.Container.dispatchEventImpl(Container.java:2324)
	at java.desktop/java.awt.Component.dispatchEvent(Component.java:4833)
	at java.desktop/java.awt.KeyboardFocusManager.redispatchEvent(KeyboardFocusManager.java:1952)
	at java.desktop/java.awt.DefaultKeyboardFocusManager.dispatchKeyEvent(DefaultKeyboardFocusManager.java:883)
	at java.desktop/java.awt.DefaultKeyboardFocusManager.preDispatchKeyEvent(DefaultKeyboardFocusManager.java:1150)
	at java.desktop/java.awt.DefaultKeyboardFocusManager.typeAheadAssertions(DefaultKeyboardFocusManager.java:1020)
	at java.desktop/java.awt.DefaultKeyboardFocusManager.dispatchEvent(DefaultKeyboardFocusManager.java:848)
	at java.desktop/java.awt.Component.dispatchEventImpl(Component.java:4882)
	at java.desktop/java.awt.Container.dispatchEventImpl(Container.java:2324)
	at java.desktop/java.awt.Window.dispatchEventImpl(Window.java:2780)
	at java.desktop/java.awt.Component.dispatchEvent(Component.java:4833)
	at java.desktop/java.awt.EventQueue.dispatchEventImpl(EventQueue.java:773)
	at java.desktop/java.awt.EventQueue$4.run(EventQueue.java:722)
	at java.desktop/java.awt.EventQueue$4.run(EventQueue.java:716)
	at java.base/java.security.AccessController.doPrivileged(AccessController.java:399)
	at java.base/java.security.ProtectionDomain$JavaSecurityAccessImpl.doIntersectionPrivilege(ProtectionDomain.java:86)
	at java.base/java.security.ProtectionDomain$JavaSecurityAccessImpl.doIntersectionPrivilege(ProtectionDomain.java:97)
	at java.desktop/java.awt.EventQueue$5.run(EventQueue.java:746)
	at java.desktop/java.awt.EventQueue$5.run(EventQueue.java:744)
	at java.base/java.security.AccessController.doPrivileged(AccessController.java:399)
	at java.base/java.security.ProtectionDomain$JavaSecurityAccessImpl.doIntersectionPrivilege(ProtectionDomain.java:86)
	at java.desktop/java.awt.EventQueue.dispatchEvent(EventQueue.java:743)
	at java.desktop/java.awt.EventDispatchThread.pumpOneEventForFilters(EventDispatchThread.java:203)
	at java.desktop/java.awt.EventDispatchThread.pumpEventsForFilter(EventDispatchThread.java:124)
	at java.desktop/java.awt.EventDispatchThread.pumpEventsForHierarchy(EventDispatchThread.java:113)
	at java.desktop/java.awt.EventDispatchThread.pumpEvents(EventDispatchThread.java:109)
	at java.desktop/java.awt.EventDispatchThread.pumpEvents(EventDispatchThread.java:101)
	at java.desktop/java.awt.EventDispatchThread.run(EventDispatchThread.java:90)

Jan 05, 2025 8:10:43 AM com.cafe.model.Mysql <clinit>
SEVERE: Database not found
java.sql.SQLSyntaxErrorException: Unknown database 'cafe_db'
	at com.mysql.cj.jdbc.exceptions.SQLError.createSQLException(SQLError.java:121)
	at com.mysql.cj.jdbc.exceptions.SQLExceptionsMapping.translateException(SQLExceptionsMapping.java:122)
	at com.mysql.cj.jdbc.ConnectionImpl.createNewIO(ConnectionImpl.java:819)
	at com.mysql.cj.jdbc.ConnectionImpl.<init>(ConnectionImpl.java:440)
	at com.mysql.cj.jdbc.ConnectionImpl.getInstance(ConnectionImpl.java:239)
	at com.mysql.cj.jdbc.NonRegisteringDriver.connect(NonRegisteringDriver.java:188)
	at java.sql/java.sql.DriverManager.getConnection(DriverManager.java:681)
	at java.sql/java.sql.DriverManager.getConnection(DriverManager.java:229)
	at com.cafe.model.Mysql.<clinit>(Mysql.java:22)
	at com.cafe.gui.Login.validateUser(Login.java:314)
	at com.cafe.gui.Login.login(Login.java:295)
	at com.cafe.gui.Login.jPasswordField1KeyPressed(Login.java:267)
	at com.cafe.gui.Login$4.keyPressed(Login.java:209)
	at java.desktop/java.awt.AWTEventMulticaster.keyPressed(AWTEventMulticaster.java:257)
	at java.desktop/java.awt.Component.processKeyEvent(Component.java:6584)
	at java.desktop/javax.swing.JComponent.processKeyEvent(JComponent.java:2896)
	at java.desktop/java.awt.Component.processEvent(Component.java:6403)
	at java.desktop/java.awt.Container.processEvent(Container.java:2266)
	at java.desktop/java.awt.Component.dispatchEventImpl(Component.java:5001)
	at java.desktop/java.awt.Container.dispatchEventImpl(Container.java:2324)
	at java.desktop/java.awt.Component.dispatchEvent(Component.java:4833)
	at java.desktop/java.awt.KeyboardFocusManager.redispatchEvent(KeyboardFocusManager.java:1952)
	at java.desktop/java.awt.DefaultKeyboardFocusManager.dispatchKeyEvent(DefaultKeyboardFocusManager.java:883)
	at java.desktop/java.awt.DefaultKeyboardFocusManager.preDispatchKeyEvent(DefaultKeyboardFocusManager.java:1150)
	at java.desktop/java.awt.DefaultKeyboardFocusManager.typeAheadAssertions(DefaultKeyboardFocusManager.java:1020)
	at java.desktop/java.awt.DefaultKeyboardFocusManager.dispatchEvent(DefaultKeyboardFocusManager.java:848)
	at java.desktop/java.awt.Component.dispatchEventImpl(Component.java:4882)
	at java.desktop/java.awt.Container.dispatchEventImpl(Container.java:2324)
	at java.desktop/java.awt.Window.dispatchEventImpl(Window.java:2780)
	at java.desktop/java.awt.Component.dispatchEvent(Component.java:4833)
	at java.desktop/java.awt.EventQueue.dispatchEventImpl(EventQueue.java:773)
	at java.desktop/java.awt.EventQueue$4.run(EventQueue.java:722)
	at java.desktop/java.awt.EventQueue$4.run(EventQueue.java:716)
	at java.base/java.security.AccessController.doPrivileged(AccessController.java:399)
	at java.base/java.security.ProtectionDomain$JavaSecurityAccessImpl.doIntersectionPrivilege(ProtectionDomain.java:86)
	at java.base/java.security.ProtectionDomain$JavaSecurityAccessImpl.doIntersectionPrivilege(ProtectionDomain.java:97)
	at java.desktop/java.awt.EventQueue$5.run(EventQueue.java:746)
	at java.desktop/java.awt.EventQueue$5.run(EventQueue.java:744)
	at java.base/java.security.AccessController.doPrivileged(AccessController.java:399)
	at java.base/java.security.ProtectionDomain$JavaSecurityAccessImpl.doIntersectionPrivilege(ProtectionDomain.java:86)
	at java.desktop/java.awt.EventQueue.dispatchEvent(EventQueue.java:743)
	at java.desktop/java.awt.EventDispatchThread.pumpOneEventForFilters(EventDispatchThread.java:203)
	at java.desktop/java.awt.EventDispatchThread.pumpEventsForFilter(EventDispatchThread.java:124)
	at java.desktop/java.awt.EventDispatchThread.pumpEventsForHierarchy(EventDispatchThread.java:113)
	at java.desktop/java.awt.EventDispatchThread.pumpEvents(EventDispatchThread.java:109)
	at java.desktop/java.awt.EventDispatchThread.pumpEvents(EventDispatchThread.java:101)
	at java.desktop/java.awt.EventDispatchThread.run(EventDispatchThread.java:90)

Jan 05, 2025 8:12:59 AM com.cafe.gui.Login closseApplication
SEVERE: Application closed due to no database found
Jan 05, 2025 8:18:40 AM com.cafe.model.Mysql <clinit>
SEVERE: Database not found
java.sql.SQLSyntaxErrorException: Unknown database 'cafe_db'
	at com.mysql.cj.jdbc.exceptions.SQLError.createSQLException(SQLError.java:121)
	at com.mysql.cj.jdbc.exceptions.SQLExceptionsMapping.translateException(SQLExceptionsMapping.java:122)
	at com.mysql.cj.jdbc.ConnectionImpl.createNewIO(ConnectionImpl.java:819)
	at com.mysql.cj.jdbc.ConnectionImpl.<init>(ConnectionImpl.java:440)
	at com.mysql.cj.jdbc.ConnectionImpl.getInstance(ConnectionImpl.java:239)
	at com.mysql.cj.jdbc.NonRegisteringDriver.connect(NonRegisteringDriver.java:188)
	at java.sql/java.sql.DriverManager.getConnection(DriverManager.java:681)
	at java.sql/java.sql.DriverManager.getConnection(DriverManager.java:229)
	at com.cafe.model.Mysql.<clinit>(Mysql.java:22)
	at com.cafe.gui.Login.validateUser(Login.java:314)
	at com.cafe.gui.Login.login(Login.java:295)
	at com.cafe.gui.Login.jPasswordField1KeyPressed(Login.java:267)
	at com.cafe.gui.Login$4.keyPressed(Login.java:209)
	at java.desktop/java.awt.AWTEventMulticaster.keyPressed(AWTEventMulticaster.java:257)
	at java.desktop/java.awt.Component.processKeyEvent(Component.java:6584)
	at java.desktop/javax.swing.JComponent.processKeyEvent(JComponent.java:2896)
	at java.desktop/java.awt.Component.processEvent(Component.java:6403)
	at java.desktop/java.awt.Container.processEvent(Container.java:2266)
	at java.desktop/java.awt.Component.dispatchEventImpl(Component.java:5001)
	at java.desktop/java.awt.Container.dispatchEventImpl(Container.java:2324)
	at java.desktop/java.awt.Component.dispatchEvent(Component.java:4833)
	at java.desktop/java.awt.KeyboardFocusManager.redispatchEvent(KeyboardFocusManager.java:1952)
	at java.desktop/java.awt.DefaultKeyboardFocusManager.dispatchKeyEvent(DefaultKeyboardFocusManager.java:883)
	at java.desktop/java.awt.DefaultKeyboardFocusManager.preDispatchKeyEvent(DefaultKeyboardFocusManager.java:1150)
	at java.desktop/java.awt.DefaultKeyboardFocusManager.typeAheadAssertions(DefaultKeyboardFocusManager.java:1020)
	at java.desktop/java.awt.DefaultKeyboardFocusManager.dispatchEvent(DefaultKeyboardFocusManager.java:848)
	at java.desktop/java.awt.Component.dispatchEventImpl(Component.java:4882)
	at java.desktop/java.awt.Container.dispatchEventImpl(Container.java:2324)
	at java.desktop/java.awt.Window.dispatchEventImpl(Window.java:2780)
	at java.desktop/java.awt.Component.dispatchEvent(Component.java:4833)
	at java.desktop/java.awt.EventQueue.dispatchEventImpl(EventQueue.java:773)
	at java.desktop/java.awt.EventQueue$4.run(EventQueue.java:722)
	at java.desktop/java.awt.EventQueue$4.run(EventQueue.java:716)
	at java.base/java.security.AccessController.doPrivileged(AccessController.java:399)
	at java.base/java.security.ProtectionDomain$JavaSecurityAccessImpl.doIntersectionPrivilege(ProtectionDomain.java:86)
	at java.base/java.security.ProtectionDomain$JavaSecurityAccessImpl.doIntersectionPrivilege(ProtectionDomain.java:97)
	at java.desktop/java.awt.EventQueue$5.run(EventQueue.java:746)
	at java.desktop/java.awt.EventQueue$5.run(EventQueue.java:744)
	at java.base/java.security.AccessController.doPrivileged(AccessController.java:399)
	at java.base/java.security.ProtectionDomain$JavaSecurityAccessImpl.doIntersectionPrivilege(ProtectionDomain.java:86)
	at java.desktop/java.awt.EventQueue.dispatchEvent(EventQueue.java:743)
	at java.desktop/java.awt.EventDispatchThread.pumpOneEventForFilters(EventDispatchThread.java:203)
	at java.desktop/java.awt.EventDispatchThread.pumpEventsForFilter(EventDispatchThread.java:124)
	at java.desktop/java.awt.EventDispatchThread.pumpEventsForHierarchy(EventDispatchThread.java:113)
	at java.desktop/java.awt.EventDispatchThread.pumpEvents(EventDispatchThread.java:109)
	at java.desktop/java.awt.EventDispatchThread.pumpEvents(EventDispatchThread.java:101)
	at java.desktop/java.awt.EventDispatchThread.run(EventDispatchThread.java:90)

Jan 05, 2025 8:24:53 AM com.cafe.model.Mysql <clinit>
SEVERE: Database not found
java.sql.SQLSyntaxErrorException: Unknown database 'cafe_db'
	at com.mysql.cj.jdbc.exceptions.SQLError.createSQLException(SQLError.java:121)
	at com.mysql.cj.jdbc.exceptions.SQLExceptionsMapping.translateException(SQLExceptionsMapping.java:122)
	at com.mysql.cj.jdbc.ConnectionImpl.createNewIO(ConnectionImpl.java:819)
	at com.mysql.cj.jdbc.ConnectionImpl.<init>(ConnectionImpl.java:440)
	at com.mysql.cj.jdbc.ConnectionImpl.getInstance(ConnectionImpl.java:239)
	at com.mysql.cj.jdbc.NonRegisteringDriver.connect(NonRegisteringDriver.java:188)
	at java.sql/java.sql.DriverManager.getConnection(DriverManager.java:681)
	at java.sql/java.sql.DriverManager.getConnection(DriverManager.java:229)
	at com.cafe.model.Mysql.<clinit>(Mysql.java:22)
	at com.cafe.gui.Login.validateUser(Login.java:314)
	at com.cafe.gui.Login.login(Login.java:295)
	at com.cafe.gui.Login.jPasswordField1KeyPressed(Login.java:267)
	at com.cafe.gui.Login$4.keyPressed(Login.java:209)
	at java.desktop/java.awt.AWTEventMulticaster.keyPressed(AWTEventMulticaster.java:257)
	at java.desktop/java.awt.Component.processKeyEvent(Component.java:6584)
	at java.desktop/javax.swing.JComponent.processKeyEvent(JComponent.java:2896)
	at java.desktop/java.awt.Component.processEvent(Component.java:6403)
	at java.desktop/java.awt.Container.processEvent(Container.java:2266)
	at java.desktop/java.awt.Component.dispatchEventImpl(Component.java:5001)
	at java.desktop/java.awt.Container.dispatchEventImpl(Container.java:2324)
	at java.desktop/java.awt.Component.dispatchEvent(Component.java:4833)
	at java.desktop/java.awt.KeyboardFocusManager.redispatchEvent(KeyboardFocusManager.java:1952)
	at java.desktop/java.awt.DefaultKeyboardFocusManager.dispatchKeyEvent(DefaultKeyboardFocusManager.java:883)
	at java.desktop/java.awt.DefaultKeyboardFocusManager.preDispatchKeyEvent(DefaultKeyboardFocusManager.java:1150)
	at java.desktop/java.awt.DefaultKeyboardFocusManager.typeAheadAssertions(DefaultKeyboardFocusManager.java:1020)
	at java.desktop/java.awt.DefaultKeyboardFocusManager.dispatchEvent(DefaultKeyboardFocusManager.java:848)
	at java.desktop/java.awt.Component.dispatchEventImpl(Component.java:4882)
	at java.desktop/java.awt.Container.dispatchEventImpl(Container.java:2324)
	at java.desktop/java.awt.Window.dispatchEventImpl(Window.java:2780)
	at java.desktop/java.awt.Component.dispatchEvent(Component.java:4833)
	at java.desktop/java.awt.EventQueue.dispatchEventImpl(EventQueue.java:773)
	at java.desktop/java.awt.EventQueue$4.run(EventQueue.java:722)
	at java.desktop/java.awt.EventQueue$4.run(EventQueue.java:716)
	at java.base/java.security.AccessController.doPrivileged(AccessController.java:399)
	at java.base/java.security.ProtectionDomain$JavaSecurityAccessImpl.doIntersectionPrivilege(ProtectionDomain.java:86)
	at java.base/java.security.ProtectionDomain$JavaSecurityAccessImpl.doIntersectionPrivilege(ProtectionDomain.java:97)
	at java.desktop/java.awt.EventQueue$5.run(EventQueue.java:746)
	at java.desktop/java.awt.EventQueue$5.run(EventQueue.java:744)
	at java.base/java.security.AccessController.doPrivileged(AccessController.java:399)
	at java.base/java.security.ProtectionDomain$JavaSecurityAccessImpl.doIntersectionPrivilege(ProtectionDomain.java:86)
	at java.desktop/java.awt.EventQueue.dispatchEvent(EventQueue.java:743)
	at java.desktop/java.awt.EventDispatchThread.pumpOneEventForFilters(EventDispatchThread.java:203)
	at java.desktop/java.awt.EventDispatchThread.pumpEventsForFilter(EventDispatchThread.java:124)
	at java.desktop/java.awt.EventDispatchThread.pumpEventsForHierarchy(EventDispatchThread.java:113)
	at java.desktop/java.awt.EventDispatchThread.pumpEvents(EventDispatchThread.java:109)
	at java.desktop/java.awt.EventDispatchThread.pumpEvents(EventDispatchThread.java:101)
	at java.desktop/java.awt.EventDispatchThread.run(EventDispatchThread.java:90)

Jan 05, 2025 8:27:25 AM com.cafe.gui.Login closseApplication
SEVERE: Application closed due to no database found
Jan 05, 2025 8:35:39 AM com.cafe.model.Mysql <clinit>
SEVERE: Database not found
java.sql.SQLSyntaxErrorException: Unknown database 'cafe_db'
	at com.mysql.cj.jdbc.exceptions.SQLError.createSQLException(SQLError.java:121)
	at com.mysql.cj.jdbc.exceptions.SQLExceptionsMapping.translateException(SQLExceptionsMapping.java:122)
	at com.mysql.cj.jdbc.ConnectionImpl.createNewIO(ConnectionImpl.java:819)
	at com.mysql.cj.jdbc.ConnectionImpl.<init>(ConnectionImpl.java:440)
	at com.mysql.cj.jdbc.ConnectionImpl.getInstance(ConnectionImpl.java:239)
	at com.mysql.cj.jdbc.NonRegisteringDriver.connect(NonRegisteringDriver.java:188)
	at java.sql/java.sql.DriverManager.getConnection(DriverManager.java:681)
	at java.sql/java.sql.DriverManager.getConnection(DriverManager.java:229)
	at com.cafe.model.Mysql.<clinit>(Mysql.java:22)
	at com.cafe.gui.Login.validateUser(Login.java:315)
	at com.cafe.gui.Login.login(Login.java:296)
	at com.cafe.gui.Login.jPasswordField1KeyPressed(Login.java:268)
	at com.cafe.gui.Login$4.keyPressed(Login.java:210)
	at java.desktop/java.awt.AWTEventMulticaster.keyPressed(AWTEventMulticaster.java:257)
	at java.desktop/java.awt.Component.processKeyEvent(Component.java:6584)
	at java.desktop/javax.swing.JComponent.processKeyEvent(JComponent.java:2896)
	at java.desktop/java.awt.Component.processEvent(Component.java:6403)
	at java.desktop/java.awt.Container.processEvent(Container.java:2266)
	at java.desktop/java.awt.Component.dispatchEventImpl(Component.java:5001)
	at java.desktop/java.awt.Container.dispatchEventImpl(Container.java:2324)
	at java.desktop/java.awt.Component.dispatchEvent(Component.java:4833)
	at java.desktop/java.awt.KeyboardFocusManager.redispatchEvent(KeyboardFocusManager.java:1952)
	at java.desktop/java.awt.DefaultKeyboardFocusManager.dispatchKeyEvent(DefaultKeyboardFocusManager.java:883)
	at java.desktop/java.awt.DefaultKeyboardFocusManager.preDispatchKeyEvent(DefaultKeyboardFocusManager.java:1150)
	at java.desktop/java.awt.DefaultKeyboardFocusManager.typeAheadAssertions(DefaultKeyboardFocusManager.java:1020)
	at java.desktop/java.awt.DefaultKeyboardFocusManager.dispatchEvent(DefaultKeyboardFocusManager.java:848)
	at java.desktop/java.awt.Component.dispatchEventImpl(Component.java:4882)
	at java.desktop/java.awt.Container.dispatchEventImpl(Container.java:2324)
	at java.desktop/java.awt.Window.dispatchEventImpl(Window.java:2780)
	at java.desktop/java.awt.Component.dispatchEvent(Component.java:4833)
	at java.desktop/java.awt.EventQueue.dispatchEventImpl(EventQueue.java:773)
	at java.desktop/java.awt.EventQueue$4.run(EventQueue.java:722)
	at java.desktop/java.awt.EventQueue$4.run(EventQueue.java:716)
	at java.base/java.security.AccessController.doPrivileged(AccessController.java:399)
	at java.base/java.security.ProtectionDomain$JavaSecurityAccessImpl.doIntersectionPrivilege(ProtectionDomain.java:86)
	at java.base/java.security.ProtectionDomain$JavaSecurityAccessImpl.doIntersectionPrivilege(ProtectionDomain.java:97)
	at java.desktop/java.awt.EventQueue$5.run(EventQueue.java:746)
	at java.desktop/java.awt.EventQueue$5.run(EventQueue.java:744)
	at java.base/java.security.AccessController.doPrivileged(AccessController.java:399)
	at java.base/java.security.ProtectionDomain$JavaSecurityAccessImpl.doIntersectionPrivilege(ProtectionDomain.java:86)
	at java.desktop/java.awt.EventQueue.dispatchEvent(EventQueue.java:743)
	at java.desktop/java.awt.EventDispatchThread.pumpOneEventForFilters(EventDispatchThread.java:203)
	at java.desktop/java.awt.EventDispatchThread.pumpEventsForFilter(EventDispatchThread.java:124)
	at java.desktop/java.awt.EventDispatchThread.pumpEventsForHierarchy(EventDispatchThread.java:113)
	at java.desktop/java.awt.EventDispatchThread.pumpEvents(EventDispatchThread.java:109)
	at java.desktop/java.awt.EventDispatchThread.pumpEvents(EventDispatchThread.java:101)
	at java.desktop/java.awt.EventDispatchThread.run(EventDispatchThread.java:90)

Jan 05, 2025 9:14:18 AM com.cafe.model.Mysql <clinit>
SEVERE: Database not found
java.sql.SQLSyntaxErrorException: Unknown database 'cafe_db'
	at com.mysql.cj.jdbc.exceptions.SQLError.createSQLException(SQLError.java:121)
	at com.mysql.cj.jdbc.exceptions.SQLExceptionsMapping.translateException(SQLExceptionsMapping.java:122)
	at com.mysql.cj.jdbc.ConnectionImpl.createNewIO(ConnectionImpl.java:819)
	at com.mysql.cj.jdbc.ConnectionImpl.<init>(ConnectionImpl.java:440)
	at com.mysql.cj.jdbc.ConnectionImpl.getInstance(ConnectionImpl.java:239)
	at com.mysql.cj.jdbc.NonRegisteringDriver.connect(NonRegisteringDriver.java:188)
	at java.sql/java.sql.DriverManager.getConnection(DriverManager.java:681)
	at java.sql/java.sql.DriverManager.getConnection(DriverManager.java:229)
	at com.cafe.model.Mysql.<clinit>(Mysql.java:22)
	at com.cafe.gui.Login.validateUser(Login.java:315)
	at com.cafe.gui.Login.login(Login.java:296)
	at com.cafe.gui.Login.jPasswordField1KeyPressed(Login.java:268)
	at com.cafe.gui.Login$4.keyPressed(Login.java:210)
	at java.desktop/java.awt.AWTEventMulticaster.keyPressed(AWTEventMulticaster.java:257)
	at java.desktop/java.awt.Component.processKeyEvent(Component.java:6584)
	at java.desktop/javax.swing.JComponent.processKeyEvent(JComponent.java:2896)
	at java.desktop/java.awt.Component.processEvent(Component.java:6403)
	at java.desktop/java.awt.Container.processEvent(Container.java:2266)
	at java.desktop/java.awt.Component.dispatchEventImpl(Component.java:5001)
	at java.desktop/java.awt.Container.dispatchEventImpl(Container.java:2324)
	at java.desktop/java.awt.Component.dispatchEvent(Component.java:4833)
	at java.desktop/java.awt.KeyboardFocusManager.redispatchEvent(KeyboardFocusManager.java:1952)
	at java.desktop/java.awt.DefaultKeyboardFocusManager.dispatchKeyEvent(DefaultKeyboardFocusManager.java:883)
	at java.desktop/java.awt.DefaultKeyboardFocusManager.preDispatchKeyEvent(DefaultKeyboardFocusManager.java:1150)
	at java.desktop/java.awt.DefaultKeyboardFocusManager.typeAheadAssertions(DefaultKeyboardFocusManager.java:1020)
	at java.desktop/java.awt.DefaultKeyboardFocusManager.dispatchEvent(DefaultKeyboardFocusManager.java:848)
	at java.desktop/java.awt.Component.dispatchEventImpl(Component.java:4882)
	at java.desktop/java.awt.Container.dispatchEventImpl(Container.java:2324)
	at java.desktop/java.awt.Window.dispatchEventImpl(Window.java:2780)
	at java.desktop/java.awt.Component.dispatchEvent(Component.java:4833)
	at java.desktop/java.awt.EventQueue.dispatchEventImpl(EventQueue.java:773)
	at java.desktop/java.awt.EventQueue$4.run(EventQueue.java:722)
	at java.desktop/java.awt.EventQueue$4.run(EventQueue.java:716)
	at java.base/java.security.AccessController.doPrivileged(AccessController.java:399)
	at java.base/java.security.ProtectionDomain$JavaSecurityAccessImpl.doIntersectionPrivilege(ProtectionDomain.java:86)
	at java.base/java.security.ProtectionDomain$JavaSecurityAccessImpl.doIntersectionPrivilege(ProtectionDomain.java:97)
	at java.desktop/java.awt.EventQueue$5.run(EventQueue.java:746)
	at java.desktop/java.awt.EventQueue$5.run(EventQueue.java:744)
	at java.base/java.security.AccessController.doPrivileged(AccessController.java:399)
	at java.base/java.security.ProtectionDomain$JavaSecurityAccessImpl.doIntersectionPrivilege(ProtectionDomain.java:86)
	at java.desktop/java.awt.EventQueue.dispatchEvent(EventQueue.java:743)
	at java.desktop/java.awt.EventDispatchThread.pumpOneEventForFilters(EventDispatchThread.java:203)
	at java.desktop/java.awt.EventDispatchThread.pumpEventsForFilter(EventDispatchThread.java:124)
	at java.desktop/java.awt.EventDispatchThread.pumpEventsForHierarchy(EventDispatchThread.java:113)
	at java.desktop/java.awt.EventDispatchThread.pumpEvents(EventDispatchThread.java:109)
	at java.desktop/java.awt.EventDispatchThread.pumpEvents(EventDispatchThread.java:101)
	at java.desktop/java.awt.EventDispatchThread.run(EventDispatchThread.java:90)

Jan 05, 2025 12:22:40 PM com.cafe.model.Mysql execute
SEVERE: null
java.sql.SQLSyntaxErrorException: Table 'cafe_db.user' doesn't exist
	at com.mysql.cj.jdbc.exceptions.SQLError.createSQLException(SQLError.java:121)
	at com.mysql.cj.jdbc.exceptions.SQLExceptionsMapping.translateException(SQLExceptionsMapping.java:122)
	at com.mysql.cj.jdbc.StatementImpl.executeQuery(StatementImpl.java:1200)
	at com.cafe.model.Mysql.execute(Mysql.java:37)
	at com.cafe.gui.Login.validateUser(Login.java:317)
	at com.cafe.gui.Login.login(Login.java:298)
	at com.cafe.gui.Login.jButton1ActionPerformed(Login.java:257)
	at com.cafe.gui.Login$5.actionPerformed(Login.java:225)
	at java.desktop/javax.swing.AbstractButton.fireActionPerformed(AbstractButton.java:1972)
	at java.desktop/javax.swing.AbstractButton$Handler.actionPerformed(AbstractButton.java:2313)
	at java.desktop/javax.swing.DefaultButtonModel.fireActionPerformed(DefaultButtonModel.java:405)
	at java.desktop/javax.swing.DefaultButtonModel.setPressed(DefaultButtonModel.java:262)
	at java.desktop/javax.swing.plaf.basic.BasicButtonListener.mouseReleased(BasicButtonListener.java:279)
	at java.desktop/java.awt.Component.processMouseEvent(Component.java:6626)
	at java.desktop/javax.swing.JComponent.processMouseEvent(JComponent.java:3389)
	at java.desktop/java.awt.Component.processEvent(Component.java:6391)
	at java.desktop/java.awt.Container.processEvent(Container.java:2266)
	at java.desktop/java.awt.Component.dispatchEventImpl(Component.java:5001)
	at java.desktop/java.awt.Container.dispatchEventImpl(Container.java:2324)
	at java.desktop/java.awt.Component.dispatchEvent(Component.java:4833)
	at java.desktop/java.awt.LightweightDispatcher.retargetMouseEvent(Container.java:4948)
	at java.desktop/java.awt.LightweightDispatcher.processMouseEvent(Container.java:4575)
	at java.desktop/java.awt.LightweightDispatcher.dispatchEvent(Container.java:4516)
	at java.desktop/java.awt.Container.dispatchEventImpl(Container.java:2310)
	at java.desktop/java.awt.Window.dispatchEventImpl(Window.java:2780)
	at java.desktop/java.awt.Component.dispatchEvent(Component.java:4833)
	at java.desktop/java.awt.EventQueue.dispatchEventImpl(EventQueue.java:773)
	at java.desktop/java.awt.EventQueue$4.run(EventQueue.java:722)
	at java.desktop/java.awt.EventQueue$4.run(EventQueue.java:716)
	at java.base/java.security.AccessController.doPrivileged(AccessController.java:399)
	at java.base/java.security.ProtectionDomain$JavaSecurityAccessImpl.doIntersectionPrivilege(ProtectionDomain.java:86)
	at java.base/java.security.ProtectionDomain$JavaSecurityAccessImpl.doIntersectionPrivilege(ProtectionDomain.java:97)
	at java.desktop/java.awt.EventQueue$5.run(EventQueue.java:746)
	at java.desktop/java.awt.EventQueue$5.run(EventQueue.java:744)
	at java.base/java.security.AccessController.doPrivileged(AccessController.java:399)
	at java.base/java.security.ProtectionDomain$JavaSecurityAccessImpl.doIntersectionPrivilege(ProtectionDomain.java:86)
	at java.desktop/java.awt.EventQueue.dispatchEvent(EventQueue.java:743)
	at java.desktop/java.awt.EventDispatchThread.pumpOneEventForFilters(EventDispatchThread.java:203)
	at java.desktop/java.awt.EventDispatchThread.pumpEventsForFilter(EventDispatchThread.java:124)
	at java.desktop/java.awt.EventDispatchThread.pumpEventsForHierarchy(EventDispatchThread.java:113)
	at java.desktop/java.awt.EventDispatchThread.pumpEvents(EventDispatchThread.java:109)
	at java.desktop/java.awt.EventDispatchThread.pumpEvents(EventDispatchThread.java:101)
	at java.desktop/java.awt.EventDispatchThread.run(EventDispatchThread.java:90)

Jan 05, 2025 12:22:45 PM com.cafe.gui.Login proceedDatabaseRestore
SEVERE: null
java.io.IOException: Cannot run program "mysql": CreateProcess error=2, The system cannot find the file specified
	at java.base/java.lang.ProcessBuilder.start(ProcessBuilder.java:1143)
	at java.base/java.lang.ProcessBuilder.start(ProcessBuilder.java:1073)
	at java.base/java.lang.Runtime.exec(Runtime.java:594)
	at java.base/java.lang.Runtime.exec(Runtime.java:418)
	at java.base/java.lang.Runtime.exec(Runtime.java:315)
	at com.cafe.gui.Login.proceedDatabaseRestore(Login.java:398)
	at com.cafe.gui.Login.validateUser(Login.java:343)
	at com.cafe.gui.Login.login(Login.java:298)
	at com.cafe.gui.Login.jButton1ActionPerformed(Login.java:257)
	at com.cafe.gui.Login$5.actionPerformed(Login.java:225)
	at java.desktop/javax.swing.AbstractButton.fireActionPerformed(AbstractButton.java:1972)
	at java.desktop/javax.swing.AbstractButton$Handler.actionPerformed(AbstractButton.java:2313)
	at java.desktop/javax.swing.DefaultButtonModel.fireActionPerformed(DefaultButtonModel.java:405)
	at java.desktop/javax.swing.DefaultButtonModel.setPressed(DefaultButtonModel.java:262)
	at java.desktop/javax.swing.plaf.basic.BasicButtonListener.mouseReleased(BasicButtonListener.java:279)
	at java.desktop/java.awt.Component.processMouseEvent(Component.java:6626)
	at java.desktop/javax.swing.JComponent.processMouseEvent(JComponent.java:3389)
	at java.desktop/java.awt.Component.processEvent(Component.java:6391)
	at java.desktop/java.awt.Container.processEvent(Container.java:2266)
	at java.desktop/java.awt.Component.dispatchEventImpl(Component.java:5001)
	at java.desktop/java.awt.Container.dispatchEventImpl(Container.java:2324)
	at java.desktop/java.awt.Component.dispatchEvent(Component.java:4833)
	at java.desktop/java.awt.LightweightDispatcher.retargetMouseEvent(Container.java:4948)
	at java.desktop/java.awt.LightweightDispatcher.processMouseEvent(Container.java:4575)
	at java.desktop/java.awt.LightweightDispatcher.dispatchEvent(Container.java:4516)
	at java.desktop/java.awt.Container.dispatchEventImpl(Container.java:2310)
	at java.desktop/java.awt.Window.dispatchEventImpl(Window.java:2780)
	at java.desktop/java.awt.Component.dispatchEvent(Component.java:4833)
	at java.desktop/java.awt.EventQueue.dispatchEventImpl(EventQueue.java:773)
	at java.desktop/java.awt.EventQueue$4.run(EventQueue.java:722)
	at java.desktop/java.awt.EventQueue$4.run(EventQueue.java:716)
	at java.base/java.security.AccessController.doPrivileged(AccessController.java:399)
	at java.base/java.security.ProtectionDomain$JavaSecurityAccessImpl.doIntersectionPrivilege(ProtectionDomain.java:86)
	at java.base/java.security.ProtectionDomain$JavaSecurityAccessImpl.doIntersectionPrivilege(ProtectionDomain.java:97)
	at java.desktop/java.awt.EventQueue$5.run(EventQueue.java:746)
	at java.desktop/java.awt.EventQueue$5.run(EventQueue.java:744)
	at java.base/java.security.AccessController.doPrivileged(AccessController.java:399)
	at java.base/java.security.ProtectionDomain$JavaSecurityAccessImpl.doIntersectionPrivilege(ProtectionDomain.java:86)
	at java.desktop/java.awt.EventQueue.dispatchEvent(EventQueue.java:743)
	at java.desktop/java.awt.EventDispatchThread.pumpOneEventForFilters(EventDispatchThread.java:203)
	at java.desktop/java.awt.EventDispatchThread.pumpEventsForFilter(EventDispatchThread.java:124)
	at java.desktop/java.awt.EventDispatchThread.pumpEventsForHierarchy(EventDispatchThread.java:113)
	at java.desktop/java.awt.EventDispatchThread.pumpEvents(EventDispatchThread.java:109)
	at java.desktop/java.awt.EventDispatchThread.pumpEvents(EventDispatchThread.java:101)
	at java.desktop/java.awt.EventDispatchThread.run(EventDispatchThread.java:90)
Caused by: java.io.IOException: CreateProcess error=2, The system cannot find the file specified
	at java.base/java.lang.ProcessImpl.create(Native Method)
	at java.base/java.lang.ProcessImpl.<init>(ProcessImpl.java:499)
	at java.base/java.lang.ProcessImpl.start(ProcessImpl.java:158)
	at java.base/java.lang.ProcessBuilder.start(ProcessBuilder.java:1110)
	... 44 more

Jan 05, 2025 12:23:16 PM com.cafe.model.Mysql execute
SEVERE: null
java.sql.SQLSyntaxErrorException: Unknown database 'cafe_db'
	at com.mysql.cj.jdbc.exceptions.SQLError.createSQLException(SQLError.java:121)
	at com.mysql.cj.jdbc.exceptions.SQLExceptionsMapping.translateException(SQLExceptionsMapping.java:122)
	at com.mysql.cj.jdbc.StatementImpl.executeQuery(StatementImpl.java:1200)
	at com.cafe.model.Mysql.execute(Mysql.java:37)
	at com.cafe.gui.Login.validateUser(Login.java:317)
	at com.cafe.gui.Login.login(Login.java:298)
	at com.cafe.gui.Login.jButton1ActionPerformed(Login.java:257)
	at com.cafe.gui.Login$5.actionPerformed(Login.java:225)
	at java.desktop/javax.swing.AbstractButton.fireActionPerformed(AbstractButton.java:1972)
	at java.desktop/javax.swing.AbstractButton$Handler.actionPerformed(AbstractButton.java:2313)
	at java.desktop/javax.swing.DefaultButtonModel.fireActionPerformed(DefaultButtonModel.java:405)
	at java.desktop/javax.swing.DefaultButtonModel.setPressed(DefaultButtonModel.java:262)
	at java.desktop/javax.swing.plaf.basic.BasicButtonListener.mouseReleased(BasicButtonListener.java:279)
	at java.desktop/java.awt.Component.processMouseEvent(Component.java:6626)
	at java.desktop/javax.swing.JComponent.processMouseEvent(JComponent.java:3389)
	at java.desktop/java.awt.Component.processEvent(Component.java:6391)
	at java.desktop/java.awt.Container.processEvent(Container.java:2266)
	at java.desktop/java.awt.Component.dispatchEventImpl(Component.java:5001)
	at java.desktop/java.awt.Container.dispatchEventImpl(Container.java:2324)
	at java.desktop/java.awt.Component.dispatchEvent(Component.java:4833)
	at java.desktop/java.awt.LightweightDispatcher.retargetMouseEvent(Container.java:4948)
	at java.desktop/java.awt.LightweightDispatcher.processMouseEvent(Container.java:4575)
	at java.desktop/java.awt.LightweightDispatcher.dispatchEvent(Container.java:4516)
	at java.desktop/java.awt.Container.dispatchEventImpl(Container.java:2310)
	at java.desktop/java.awt.Window.dispatchEventImpl(Window.java:2780)
	at java.desktop/java.awt.Component.dispatchEvent(Component.java:4833)
	at java.desktop/java.awt.EventQueue.dispatchEventImpl(EventQueue.java:773)
	at java.desktop/java.awt.EventQueue$4.run(EventQueue.java:722)
	at java.desktop/java.awt.EventQueue$4.run(EventQueue.java:716)
	at java.base/java.security.AccessController.doPrivileged(AccessController.java:399)
	at java.base/java.security.ProtectionDomain$JavaSecurityAccessImpl.doIntersectionPrivilege(ProtectionDomain.java:86)
	at java.base/java.security.ProtectionDomain$JavaSecurityAccessImpl.doIntersectionPrivilege(ProtectionDomain.java:97)
	at java.desktop/java.awt.EventQueue$5.run(EventQueue.java:746)
	at java.desktop/java.awt.EventQueue$5.run(EventQueue.java:744)
	at java.base/java.security.AccessController.doPrivileged(AccessController.java:399)
	at java.base/java.security.ProtectionDomain$JavaSecurityAccessImpl.doIntersectionPrivilege(ProtectionDomain.java:86)
	at java.desktop/java.awt.EventQueue.dispatchEvent(EventQueue.java:743)
	at java.desktop/java.awt.EventDispatchThread.pumpOneEventForFilters(EventDispatchThread.java:203)
	at java.desktop/java.awt.EventDispatchThread.pumpEventsForFilter(EventDispatchThread.java:124)
	at java.desktop/java.awt.EventDispatchThread.pumpEventsForHierarchy(EventDispatchThread.java:113)
	at java.desktop/java.awt.EventDispatchThread.pumpEvents(EventDispatchThread.java:109)
	at java.desktop/java.awt.EventDispatchThread.pumpEvents(EventDispatchThread.java:101)
	at java.desktop/java.awt.EventDispatchThread.run(EventDispatchThread.java:90)

Jan 05, 2025 12:23:21 PM com.cafe.gui.Login proceedDatabaseRestore
SEVERE: null
java.io.IOException: Cannot run program "mysql": CreateProcess error=2, The system cannot find the file specified
	at java.base/java.lang.ProcessBuilder.start(ProcessBuilder.java:1143)
	at java.base/java.lang.ProcessBuilder.start(ProcessBuilder.java:1073)
	at java.base/java.lang.Runtime.exec(Runtime.java:594)
	at java.base/java.lang.Runtime.exec(Runtime.java:418)
	at java.base/java.lang.Runtime.exec(Runtime.java:315)
	at com.cafe.gui.Login.proceedDatabaseRestore(Login.java:398)
	at com.cafe.gui.Login.validateUser(Login.java:343)
	at com.cafe.gui.Login.login(Login.java:298)
	at com.cafe.gui.Login.jButton1ActionPerformed(Login.java:257)
	at com.cafe.gui.Login$5.actionPerformed(Login.java:225)
	at java.desktop/javax.swing.AbstractButton.fireActionPerformed(AbstractButton.java:1972)
	at java.desktop/javax.swing.AbstractButton$Handler.actionPerformed(AbstractButton.java:2313)
	at java.desktop/javax.swing.DefaultButtonModel.fireActionPerformed(DefaultButtonModel.java:405)
	at java.desktop/javax.swing.DefaultButtonModel.setPressed(DefaultButtonModel.java:262)
	at java.desktop/javax.swing.plaf.basic.BasicButtonListener.mouseReleased(BasicButtonListener.java:279)
	at java.desktop/java.awt.Component.processMouseEvent(Component.java:6626)
	at java.desktop/javax.swing.JComponent.processMouseEvent(JComponent.java:3389)
	at java.desktop/java.awt.Component.processEvent(Component.java:6391)
	at java.desktop/java.awt.Container.processEvent(Container.java:2266)
	at java.desktop/java.awt.Component.dispatchEventImpl(Component.java:5001)
	at java.desktop/java.awt.Container.dispatchEventImpl(Container.java:2324)
	at java.desktop/java.awt.Component.dispatchEvent(Component.java:4833)
	at java.desktop/java.awt.LightweightDispatcher.retargetMouseEvent(Container.java:4948)
	at java.desktop/java.awt.LightweightDispatcher.processMouseEvent(Container.java:4575)
	at java.desktop/java.awt.LightweightDispatcher.dispatchEvent(Container.java:4516)
	at java.desktop/java.awt.Container.dispatchEventImpl(Container.java:2310)
	at java.desktop/java.awt.Window.dispatchEventImpl(Window.java:2780)
	at java.desktop/java.awt.Component.dispatchEvent(Component.java:4833)
	at java.desktop/java.awt.EventQueue.dispatchEventImpl(EventQueue.java:773)
	at java.desktop/java.awt.EventQueue$4.run(EventQueue.java:722)
	at java.desktop/java.awt.EventQueue$4.run(EventQueue.java:716)
	at java.base/java.security.AccessController.doPrivileged(AccessController.java:399)
	at java.base/java.security.ProtectionDomain$JavaSecurityAccessImpl.doIntersectionPrivilege(ProtectionDomain.java:86)
	at java.base/java.security.ProtectionDomain$JavaSecurityAccessImpl.doIntersectionPrivilege(ProtectionDomain.java:97)
	at java.desktop/java.awt.EventQueue$5.run(EventQueue.java:746)
	at java.desktop/java.awt.EventQueue$5.run(EventQueue.java:744)
	at java.base/java.security.AccessController.doPrivileged(AccessController.java:399)
	at java.base/java.security.ProtectionDomain$JavaSecurityAccessImpl.doIntersectionPrivilege(ProtectionDomain.java:86)
	at java.desktop/java.awt.EventQueue.dispatchEvent(EventQueue.java:743)
	at java.desktop/java.awt.EventDispatchThread.pumpOneEventForFilters(EventDispatchThread.java:203)
	at java.desktop/java.awt.EventDispatchThread.pumpEventsForFilter(EventDispatchThread.java:124)
	at java.desktop/java.awt.EventDispatchThread.pumpEventsForHierarchy(EventDispatchThread.java:113)
	at java.desktop/java.awt.EventDispatchThread.pumpEvents(EventDispatchThread.java:109)
	at java.desktop/java.awt.EventDispatchThread.pumpEvents(EventDispatchThread.java:101)
	at java.desktop/java.awt.EventDispatchThread.run(EventDispatchThread.java:90)
Caused by: java.io.IOException: CreateProcess error=2, The system cannot find the file specified
	at java.base/java.lang.ProcessImpl.create(Native Method)
	at java.base/java.lang.ProcessImpl.<init>(ProcessImpl.java:499)
	at java.base/java.lang.ProcessImpl.start(ProcessImpl.java:158)
	at java.base/java.lang.ProcessBuilder.start(ProcessBuilder.java:1110)
	... 44 more

Jan 05, 2025 12:23:28 PM com.cafe.gui.Login closseApplication
SEVERE: Application closed due to no database found
Jan 05, 2025 12:40:53 PM com.cafe.model.Mysql execute
SEVERE: null
java.sql.SQLSyntaxErrorException: Table 'cafe_db.user' doesn't exist
	at com.mysql.cj.jdbc.exceptions.SQLError.createSQLException(SQLError.java:121)
	at com.mysql.cj.jdbc.exceptions.SQLExceptionsMapping.translateException(SQLExceptionsMapping.java:122)
	at com.mysql.cj.jdbc.StatementImpl.executeQuery(StatementImpl.java:1200)
	at com.cafe.model.Mysql.execute(Mysql.java:37)
	at com.cafe.gui.Login.validateUser(Login.java:317)
	at com.cafe.gui.Login.login(Login.java:298)
	at com.cafe.gui.Login.jPasswordField1KeyPressed(Login.java:270)
	at com.cafe.gui.Login$4.keyPressed(Login.java:212)
	at java.desktop/java.awt.AWTEventMulticaster.keyPressed(AWTEventMulticaster.java:257)
	at java.desktop/java.awt.Component.processKeyEvent(Component.java:6584)
	at java.desktop/javax.swing.JComponent.processKeyEvent(JComponent.java:2896)
	at java.desktop/java.awt.Component.processEvent(Component.java:6403)
	at java.desktop/java.awt.Container.processEvent(Container.java:2266)
	at java.desktop/java.awt.Component.dispatchEventImpl(Component.java:5001)
	at java.desktop/java.awt.Container.dispatchEventImpl(Container.java:2324)
	at java.desktop/java.awt.Component.dispatchEvent(Component.java:4833)
	at java.desktop/java.awt.KeyboardFocusManager.redispatchEvent(KeyboardFocusManager.java:1952)
	at java.desktop/java.awt.DefaultKeyboardFocusManager.dispatchKeyEvent(DefaultKeyboardFocusManager.java:883)
	at java.desktop/java.awt.DefaultKeyboardFocusManager.preDispatchKeyEvent(DefaultKeyboardFocusManager.java:1150)
	at java.desktop/java.awt.DefaultKeyboardFocusManager.typeAheadAssertions(DefaultKeyboardFocusManager.java:1020)
	at java.desktop/java.awt.DefaultKeyboardFocusManager.dispatchEvent(DefaultKeyboardFocusManager.java:848)
	at java.desktop/java.awt.Component.dispatchEventImpl(Component.java:4882)
	at java.desktop/java.awt.Container.dispatchEventImpl(Container.java:2324)
	at java.desktop/java.awt.Window.dispatchEventImpl(Window.java:2780)
	at java.desktop/java.awt.Component.dispatchEvent(Component.java:4833)
	at java.desktop/java.awt.EventQueue.dispatchEventImpl(EventQueue.java:773)
	at java.desktop/java.awt.EventQueue$4.run(EventQueue.java:722)
	at java.desktop/java.awt.EventQueue$4.run(EventQueue.java:716)
	at java.base/java.security.AccessController.doPrivileged(AccessController.java:399)
	at java.base/java.security.ProtectionDomain$JavaSecurityAccessImpl.doIntersectionPrivilege(ProtectionDomain.java:86)
	at java.base/java.security.ProtectionDomain$JavaSecurityAccessImpl.doIntersectionPrivilege(ProtectionDomain.java:97)
	at java.desktop/java.awt.EventQueue$5.run(EventQueue.java:746)
	at java.desktop/java.awt.EventQueue$5.run(EventQueue.java:744)
	at java.base/java.security.AccessController.doPrivileged(AccessController.java:399)
	at java.base/java.security.ProtectionDomain$JavaSecurityAccessImpl.doIntersectionPrivilege(ProtectionDomain.java:86)
	at java.desktop/java.awt.EventQueue.dispatchEvent(EventQueue.java:743)
	at java.desktop/java.awt.EventDispatchThread.pumpOneEventForFilters(EventDispatchThread.java:203)
	at java.desktop/java.awt.EventDispatchThread.pumpEventsForFilter(EventDispatchThread.java:124)
	at java.desktop/java.awt.EventDispatchThread.pumpEventsForHierarchy(EventDispatchThread.java:113)
	at java.desktop/java.awt.EventDispatchThread.pumpEvents(EventDispatchThread.java:109)
	at java.desktop/java.awt.EventDispatchThread.pumpEvents(EventDispatchThread.java:101)
	at java.desktop/java.awt.EventDispatchThread.run(EventDispatchThread.java:90)

Jan 05, 2025 12:41:05 PM com.cafe.gui.Login proceedDatabaseRestore
SEVERE: Cannot run program "mysql": CreateProcess error=2, The system cannot find the file specified
Jan 05, 2025 12:41:55 PM com.cafe.gui.Login closseApplication
SEVERE: Application closed due to no database found
Jan 05, 2025 12:48:07 PM com.cafe.model.Mysql execute
SEVERE: Table 'cafe_db.user' doesn't exist
Jan 05, 2025 12:48:11 PM com.cafe.gui.Login proceedDatabaseRestore
SEVERE: Cannot run program "mysql": CreateProcess error=2, The system cannot find the file specified
Jan 05, 2025 12:48:31 PM com.cafe.gui.Login closseApplication
SEVERE: Application closed due to no database found
Jan 05, 2025 12:54:24 PM com.cafe.model.Mysql execute
SEVERE: Table 'cafe_db.user' doesn't exist
Jan 05, 2025 12:54:31 PM com.cafe.gui.Login proceedDatabaseRestore
SEVERE: Cannot run program "mysql": CreateProcess error=2, The system cannot find the file specified
Jan 05, 2025 12:55:51 PM com.cafe.gui.Login closseApplication
SEVERE: Application closed due to no database found
Jan 05, 2025 12:56:02 PM com.cafe.model.Mysql execute
SEVERE: Table 'cafe_db.user' doesn't exist
Jan 05, 2025 12:56:05 PM com.cafe.gui.Login proceedDatabaseRestore
SEVERE: Cannot run program "mysql": CreateProcess error=2, The system cannot find the file specified
Jan 05, 2025 12:56:09 PM com.cafe.gui.Login closseApplication
SEVERE: Application closed due to no database found
Jan 05, 2025 12:57:09 PM com.cafe.model.Mysql execute
SEVERE: Table 'cafe_db.user' doesn't exist
Jan 05, 2025 12:59:23 PM com.cafe.model.Mysql execute
SEVERE: Table 'cafe_db.user' doesn't exist
Jan 05, 2025 12:59:26 PM com.cafe.gui.Login proceedDatabaseRestore
SEVERE: Cannot run program "mysql": CreateProcess error=2, The system cannot find the file specified
Jan 05, 2025 12:59:58 PM com.cafe.gui.Login closseApplication
SEVERE: Application closed due to no database found
Jan 05, 2025 1:05:35 PM com.cafe.model.Mysql execute
SEVERE: Table 'cafe_db.user' doesn't exist
Jan 05, 2025 1:05:38 PM com.cafe.gui.Login proceedDatabaseRestore
SEVERE: Cannot run program "mysql": CreateProcess error=2, The system cannot find the file specified
Jan 05, 2025 1:05:47 PM com.cafe.gui.Login closseApplication
SEVERE: Application closed due to no database found
Jan 05, 2025 1:09:19 PM com.cafe.model.Mysql <clinit>
SEVERE: Unknown database 'cafe_db'
Jan 05, 2025 1:09:22 PM com.cafe.gui.Login proceedDatabaseRestore
SEVERE: Cannot run program "mysql": CreateProcess error=2, The system cannot find the file specified
Jan 05, 2025 1:10:19 PM com.cafe.gui.Login closseApplication
SEVERE: Application closed due to no database found
Jan 05, 2025 1:11:59 PM com.cafe.model.Mysql execute
SEVERE: Table 'cafe_db.user' doesn't exist
Jan 05, 2025 1:21:08 PM com.cafe.model.Mysql execute
SEVERE: Table 'cafe_db.user' doesn't exist
Jan 05, 2025 1:25:37 PM com.cafe.model.Mysql <clinit>
SEVERE: Unknown database 'cafe_db'
Jan 05, 2025 1:25:40 PM com.cafe.gui.Login proceedDatabaseRestore
SEVERE: Cannot run program "mysql ": CreateProcess error=2, The system cannot find the file specified
Jan 05, 2025 1:26:26 PM com.cafe.model.Mysql execute
SEVERE: Table 'cafe_db.user' doesn't exist
Jan 05, 2025 1:26:28 PM com.cafe.gui.Login proceedDatabaseRestore
SEVERE: Cannot run program ""C:\Program Files\MySQL\MySQL Server 8.0\bin\mysql.exe" ": CreateProcess error=87, The parameter is incorrect
Jan 05, 2025 1:26:33 PM com.cafe.gui.Login closseApplication
SEVERE: Application closed due to no database found
Jan 05, 2025 1:29:36 PM com.cafe.model.Mysql execute
SEVERE: Table 'cafe_db.user' doesn't exist
Jan 05, 2025 1:29:39 PM com.cafe.gui.Login proceedDatabaseRestore
SEVERE: Cannot run program ""C:\Program Files\MySQL\MySQL Server 8.0\bin\mysql.exe" ": CreateProcess error=87, The parameter is incorrect
Jan 05, 2025 1:29:57 PM com.cafe.gui.Login closseApplication
SEVERE: Application closed due to no database found
Jan 05, 2025 1:30:47 PM com.cafe.model.Mysql execute
SEVERE: Table 'cafe_db.user' doesn't exist
Jan 05, 2025 1:30:50 PM com.cafe.gui.Login proceedDatabaseRestore
SEVERE: Cannot run program ""C:\Program Files\MySQL\MySQL Server 8.0\bin\mysql.exe" ": CreateProcess error=87, The parameter is incorrect
Jan 05, 2025 1:30:54 PM com.cafe.gui.Login closseApplication
SEVERE: Application closed due to no database found
Jan 05, 2025 1:32:00 PM com.cafe.model.Mysql execute
SEVERE: Table 'cafe_db.user' doesn't exist
Jan 05, 2025 1:32:03 PM com.cafe.gui.Login proceedDatabaseRestore
SEVERE: Cannot run program ""C:\Program Files\MySQL\MySQL Server 8.0\bin\mysql.exe" ": CreateProcess error=87, The parameter is incorrect
Jan 05, 2025 1:32:08 PM com.cafe.gui.Login closseApplication
SEVERE: Application closed due to no database found
Jan 05, 2025 1:37:03 PM com.cafe.model.Mysql execute
SEVERE: Table 'cafe_db.user' doesn't exist
Jan 05, 2025 1:49:42 PM com.cafe.model.Mysql execute
SEVERE: Table 'cafe_db.user' doesn't exist
Jan 05, 2025 1:50:08 PM com.cafe.gui.Login closseApplication
SEVERE: Application closed due to no database found
Jan 05, 2025 1:52:59 PM com.cafe.model.Mysql execute
SEVERE: Table 'cafe_db.user' doesn't exist
Jan 05, 2025 1:53:05 PM com.cafe.gui.Login closseApplication
SEVERE: Application closed due to no database found
Jan 05, 2025 1:54:15 PM com.cafe.model.Mysql execute
SEVERE: Table 'cafe_db.user' doesn't exist
Jan 05, 2025 1:54:26 PM com.cafe.gui.Login closseApplication
SEVERE: Application closed due to no database found
Jan 05, 2025 2:01:17 PM com.cafe.model.Mysql execute
SEVERE: Table 'cafe_db.user' doesn't exist
Jan 05, 2025 2:32:28 PM com.cafe.model.Mysql <clinit>
SEVERE: Unknown database 'cafe_db'
Jan 05, 2025 2:33:06 PM com.cafe.gui.Login closseApplication
SEVERE: Application closed due to no database found
Jan 05, 2025 2:33:40 PM com.cafe.model.Mysql <clinit>
SEVERE: Unknown database 'cafe_db'
Jan 05, 2025 2:37:02 PM com.cafe.model.Mysql <clinit>
SEVERE: Unknown database 'cafe_db'
Jan 05, 2025 2:37:30 PM com.cafe.gui.Login closseApplication
SEVERE: Application closed due to no database found
Jan 05, 2025 2:39:48 PM com.cafe.model.Mysql <clinit>
SEVERE: Unknown database 'cafe_db'
Jan 05, 2025 2:53:13 PM com.cafe.gui.Login closseApplication
SEVERE: Application closed due to no database found
Jan 05, 2025 3:04:28 PM com.cafe.model.Mysql <clinit>
SEVERE: Unknown database 'cafe_db'
Jan 05, 2025 3:10:40 PM com.cafe.model.Mysql <clinit>
SEVERE: Unknown database 'cafe_db'
Jan 05, 2025 3:10:50 PM com.cafe.gui.Login validateUser
SEVERE: Cannot run program "E:\java\cafe": CreateProcess error=5, Access is denied
Jan 05, 2025 3:10:58 PM com.cafe.gui.Login closseApplication
SEVERE: Application closed due to no database found
Jan 05, 2025 3:13:11 PM com.cafe.model.Mysql <clinit>
SEVERE: Unknown database 'cafe_db'
Jan 05, 2025 3:13:19 PM com.cafe.gui.Login validateUser
SEVERE: Cannot run program "E:\java\cafe": CreateProcess error=5, Access is denied
Jan 05, 2025 3:16:15 PM com.cafe.model.Mysql <clinit>
SEVERE: Unknown database 'cafe_db'
Jan 05, 2025 3:22:10 PM com.cafe.model.Mysql <clinit>
SEVERE: Unknown database 'cafe_db'
Jan 05, 2025 3:24:29 PM com.cafe.model.Mysql <clinit>
SEVERE: Unknown database 'cafe_db'
Jan 05, 2025 3:33:52 PM com.cafe.model.Mysql <clinit>
SEVERE: Unknown database 'cafe_db'

Jan 05, 2025 3:34:01 PM com.cafe.gui.Login validateUser
SEVERE: Cannot run program ""E:\java\cafe\cafe.exe"": CreateProcess error=2, The system cannot find the file specified
Jan 05, 2025 3:34:15 PM com.cafe.gui.Login closseApplication
SEVERE: Application closed due to no database found
Jan 05, 2025 3:44:10 PM com.cafe.model.Mysql <clinit>
SEVERE: Unknown database 'cafe_db'

Jan 05, 2025 3:44:19 PM com.cafe.gui.Login validateUser
SEVERE: Cannot run program ""E:\java\cafe\cafe.exe"": CreateProcess error=2, The system cannot find the file specified
Jan 05, 2025 3:44:33 PM com.cafe.gui.Login closseApplication
SEVERE: Application closed due to no database found
Jan 05, 2025 4:35:41 PM com.cafe.model.Mysql <clinit>
SEVERE: Unknown database 'cafe_db'

Jan 05, 2025 4:36:59 PM com.cafe.model.Mysql <clinit>
SEVERE: Unknown database 'cafe_db'

Jan 05, 2025 4:39:16 PM com.cafe.model.Mysql <clinit>
SEVERE: Unknown database 'cafe_db'

Jan 05, 2025 4:39:35 PM com.cafe.gui.Login closseApplication
SEVERE: Application closed due to no database found
Jan 05, 2025 4:40:56 PM com.cafe.model.Mysql execute
SEVERE: Table 'cafe_db.user' doesn't exist
Jan 05, 2025 4:41:56 PM com.cafe.model.Mysql <clinit>
SEVERE: Unknown database 'cafe_db'

Jan 05, 2025 4:42:09 PM com.cafe.gui.Login closseApplication
SEVERE: Application closed due to no database found
Jan 05, 2025 4:42:43 PM com.cafe.model.Mysql execute
SEVERE: Table 'cafe_db.user' doesn't exist
Jan 05, 2025 4:42:50 PM com.cafe.gui.Login closseApplication
SEVERE: Application closed due to no database found
Jan 05, 2025 4:44:11 PM com.cafe.model.Mysql execute
SEVERE: Table 'cafe_db.user' doesn't exist
Jan 05, 2025 4:45:01 PM com.cafe.model.Mysql execute
SEVERE: Table 'cafe_db.user' doesn't exist
Jan 05, 2025 4:46:33 PM com.cafe.model.Mysql execute
SEVERE: Table 'cafe_db.user' doesn't exist
Jan 05, 2025 4:46:52 PM com.cafe.gui.Login closseApplication
SEVERE: Application closed due to no database found
Jan 05, 2025 4:48:49 PM com.cafe.model.Mysql execute
SEVERE: Table 'cafe_db.user' doesn't exist
Jan 05, 2025 4:48:58 PM com.cafe.gui.Login closseApplication
SEVERE: Application closed due to no database found
Jan 05, 2025 4:49:14 PM com.cafe.model.Mysql execute
SEVERE: Table 'cafe_db.user' doesn't exist
Jan 05, 2025 4:50:22 PM com.cafe.gui.Login closseApplication
SEVERE: Application closed due to no database found
Jan 05, 2025 4:50:28 PM com.cafe.model.Mysql execute
SEVERE: Table 'cafe_db.user' doesn't exist
Jan 05, 2025 4:51:53 PM com.cafe.gui.Login closseApplication
SEVERE: Application closed due to no database found
Jan 05, 2025 4:51:59 PM com.cafe.model.Mysql execute
SEVERE: Table 'cafe_db.user' doesn't exist
Jan 05, 2025 4:52:59 PM com.cafe.gui.Login closseApplication
SEVERE: Application closed due to no database found
Jan 05, 2025 4:53:04 PM com.cafe.model.Mysql execute
SEVERE: Table 'cafe_db.user' doesn't exist
Jan 05, 2025 4:53:27 PM com.cafe.gui.Login closseApplication
SEVERE: Application closed due to no database found
Jan 05, 2025 4:53:49 PM com.cafe.model.Mysql execute
SEVERE: Table 'cafe_db.user' doesn't exist
Jan 05, 2025 4:56:16 PM com.cafe.gui.Login closseApplication
SEVERE: Application closed due to no database found
Jan 05, 2025 4:56:22 PM com.cafe.model.Mysql execute
SEVERE: Table 'cafe_db.user' doesn't exist
Jan 05, 2025 4:56:30 PM com.cafe.model.Mysql execute
SEVERE: No operations allowed after connection closed.
Jan 05, 2025 4:56:33 PM com.cafe.gui.Login closseApplication
SEVERE: Application closed due to no database found
Jan 05, 2025 5:03:59 PM com.cafe.model.Mysql <clinit>
SEVERE: Unknown database 'cafe_db'

Jan 05, 2025 5:05:02 PM com.cafe.gui.Login closseApplication
SEVERE: Application closed due to no database found
Jan 05, 2025 5:05:23 PM com.cafe.model.Mysql <clinit>
SEVERE: Unknown database 'cafe_db'

Jan 05, 2025 5:06:33 PM com.cafe.model.Mysql createNewConnection
SEVERE: Unknown database 'cafe_db'

Jan 05, 2025 5:10:24 PM com.cafe.model.Mysql createNewConnection
SEVERE: Unknown database 'cafe_db'

Jan 05, 2025 5:38:56 PM com.cafe.model.Mysql createNewConnection
SEVERE: Unknown database 'cafe_db'

Jan 05, 2025 5:42:31 PM com.cafe.model.Mysql createNewConnection
SEVERE: Unknown database 'cafe_db'

Jan 05, 2025 6:00:55 PM com.cafe.model.Mysql createNewConnection
SEVERE: Unknown database 'cafe_db'

Jan 05, 2025 6:02:43 PM com.cafe.model.Mysql createNewConnection
SEVERE: Unknown database 'cafe_db'

Jan 05, 2025 6:04:07 PM com.cafe.model.Mysql createNewConnection
SEVERE: Unknown database 'cafe_db'

Jan 05, 2025 6:10:11 PM com.cafe.model.Mysql createNewConnection
SEVERE: Unknown database 'cafe_db'

Jan 05, 2025 6:12:53 PM com.cafe.model.Mysql createNewConnection
SEVERE: Unknown database 'cafe_db'

Jan 05, 2025 6:15:44 PM com.cafe.model.Mysql createNewConnection
SEVERE: Unknown database 'cafe_db'

Jan 05, 2025 6:19:54 PM com.cafe.model.Mysql createNewConnection
SEVERE: Unknown database 'cafe_db'

Jan 05, 2025 6:26:25 PM com.cafe.model.Mysql createNewConnection
SEVERE: Unknown database 'cafe_db'

Jan 05, 2025 6:27:22 PM com.cafe.model.Mysql createNewConnection
SEVERE: Unknown database 'cafe_db'

Jan 05, 2025 6:29:23 PM com.cafe.model.Mysql createNewConnection
SEVERE: Unknown database 'cafe_db'

Jan 05, 2025 6:37:42 PM com.cafe.model.Mysql createNewConnection
SEVERE: Unknown database 'cafe_db'

Jan 06, 2025 10:49:09 PM com.cafe.model.Mysql createNewConnection
SEVERE: Unknown database 'cafe_db'

Jan 06, 2025 10:49:51 PM com.cafe.gui.Login closseApplication
SEVERE: Application closed due to no database found
Jan 06, 2025 10:52:18 PM com.cafe.model.Mysql createNewConnection
SEVERE: Unknown database 'cafe_db'

Jan 06, 2025 11:03:15 PM com.cafe.model.Mysql createNewConnection
SEVERE: Unknown database 'cafe_db'

Jan 06, 2025 11:04:15 PM com.cafe.gui.Login closseApplication
SEVERE: Application closed due to no database found
Jan 07, 2025 10:46:00 AM com.cafe.model.Mysql createNewConnection
SEVERE: Unknown database 'cafe_db'

Jan 07, 2025 10:47:07 AM com.cafe.model.Mysql execute
SEVERE: No operations allowed after connection closed.
Jan 07, 2025 10:47:07 AM com.cafe.model.Mysql execute
SEVERE: No operations allowed after connection closed.
Jan 07, 2025 10:47:15 AM com.cafe.model.Mysql execute
SEVERE: No operations allowed after connection closed.
Jan 07, 2025 10:47:18 AM com.cafe.gui.Login closseApplication
SEVERE: Application closed due to no database found
Jan 07, 2025 10:47:41 AM com.cafe.model.Mysql createNewConnection
SEVERE: Unknown database 'cafe_db'

Jan 07, 2025 10:48:34 AM com.cafe.model.Mysql execute
SEVERE: No operations allowed after connection closed.
Jan 07, 2025 10:48:34 AM com.cafe.model.Mysql execute
SEVERE: No operations allowed after connection closed.
Jan 07, 2025 10:48:48 AM com.cafe.model.Mysql execute
SEVERE: No operations allowed after connection closed.
Jan 07, 2025 10:51:59 AM com.cafe.gui.Login closseApplication
SEVERE: Application closed due to no database found
Jan 07, 2025 10:52:10 AM com.cafe.model.Mysql createNewConnection
SEVERE: Unknown database 'cafe_db'

Jan 07, 2025 10:52:42 AM com.cafe.model.Mysql execute
SEVERE: No operations allowed after connection closed.
Jan 07, 2025 11:58:03 AM com.cafe.model.Mysql createNewConnection
SEVERE: Unknown database 'cafe_db'

Jan 11, 2025 1:00:19 AM com.cafe.model.Mysql execute
SEVERE: Unknown column 'updated_date' in 'order clause'
Jan 11, 2025 1:00:21 AM com.cafe.model.Mysql execute
SEVERE: Unknown column 'updated_date' in 'order clause'
Jan 11, 2025 1:00:23 AM com.cafe.model.Mysql execute
SEVERE: Unknown column 'updated_date' in 'order clause'
Jan 11, 2025 1:00:30 AM com.cafe.model.Mysql execute
SEVERE: Unknown column 'updated_date' in 'order clause'
Jan 11, 2025 1:00:33 AM com.cafe.model.Mysql execute
SEVERE: Unknown column 'updated_date' in 'order clause'
Jan 11, 2025 1:01:41 AM com.cafe.model.Mysql execute
SEVERE: You have an error in your SQL syntax; check the manual that corresponds to your MySQL server version for the right syntax to use near 'ORDER BY `updated_date` DESC' at line 1
Jan 14, 2025 10:20:16 PM com.cafe.gui.Settings resetImage
SEVERE: Can't read input file!
Jan 14, 2025 10:20:17 PM com.cafe.gui.Settings resetImage
SEVERE: Can't read input file!
